<?xml version="1.0" encoding="UTF-8"?>
<testsuite xmlns:xsi="http://www.w3.org/2001/XMLSchema-instance" xsi:noNamespaceSchemaLocation="https://maven.apache.org/surefire/maven-surefire-plugin/xsd/surefire-test-report-3.0.xsd" version="3.0" name="com.curso.docker.app.AppApplicationTests" time="5.652" tests="1" errors="0" skipped="0" failures="0">
  <properties>
[...]
</properties>
  <testcase name="contextLoads" classname="com.curso.docker.app.AppApplicationTests" time="1.452">
    <system-out><![CDATA[16:07:15.738 [main] INFO org.springframework.test.context.support.AnnotationConfigContextLoaderUtils -- Could not detect default configuration classes for test class [com.curso.docker.app.AppApplicationTests]: AppApplicationTests does not declare any static, non-private, non-final, nested classes annotated with @Configuration.
16:07:15.968 [main] INFO org.springframework.boot.test.context.SpringBootTestContextBootstrapper -- Found @SpringBootConfiguration com.curso.docker.app.AppApplication for test class com.curso.docker.app.AppApplicationTests

  .   ____          _            __ _ _
 /\\ / ___'_ __ _ _(_)_ __  __ _ \ \ \ \
( ( )\___ | '_ | '_| | '_ \/ _` | \ \ \ \
 \\/  ___)| |_)| | | | | || (_| |  ) ) ) )
  '  |____| .__|_| |_|_| |_\__, | / / / /
 =========|_|==============|___/=/_/_/_/
 :: Spring Boot ::               (v3.2.11)

2024-11-05T16:07:16.930-05:00  INFO 15612 --- [app] [           main] c.curso.docker.app.AppApplicationTests   : Starting AppApplicationTests using Java 17.0.2 with PID 15612 (started by Santiago in C:\Users\Santiago\Desktop\Curso Docker\build\example3\app)
2024-11-05T16:07:16.934-05:00  INFO 15612 --- [app] [           main] c.curso.docker.app.AppApplicationTests   : No active profile set, falling back to 1 default profile: "default"
2024-11-05T16:07:19.506-05:00  INFO 15612 --- [app] [           main] c.curso.docker.app.AppApplicationTests   : Started AppApplicationTests in 3.198 seconds (process running for 5.235)
]]></system-out>
  </testcase>
</testsuite>